# JRE version: Java(TM) SE Runtime Environment (8.0_144-b01) (build 1.8.0_144-b01)
# Java VM: Java HotSpot(TM) 64-Bit Server VM (25.144-b01 mixed mode windows-amd64 compressed oops)
Heap:
 PSYoungGen      total 645120K, used 201229K [0x00000000d5e00000, 0x00000000fdb00000, 0x0000000100000000)
  eden space 640000K, 31% used [0x00000000d5e00000,0x00000000e22836d0,0x00000000fcf00000)
  from space 5120K, 0% used [0x00000000fcf00000,0x00000000fcf00000,0x00000000fd400000)
  to   space 6144K, 0% used [0x00000000fd500000,0x00000000fd500000,0x00000000fdb00000)
 ParOldGen       total 94720K, used 34607K [0x0000000081a00000, 0x0000000087680000, 0x00000000d5e00000)
  object space 94720K, 36% used [0x0000000081a00000,0x0000000083bcbd18,0x0000000087680000)
 Metaspace       used 76337K, capacity 82862K, committed 89304K, reserved 1126400K
  class space    used 9392K, capacity 10637K, committed 11736K, reserved 1048576K
GC Heap History (10 events):
Event: 5982.331 GC heap before
{Heap before GC invocations=97 (full 44):
 PSYoungGen      total 646656K, used 4574K [0x00000000d5e00000, 0x00000000fdc00000, 0x0000000100000000)
  eden space 640000K, 0% used [0x00000000d5e00000,0x00000000d5e00000,0x00000000fcf00000)
  from space 6656K, 68% used [0x00000000fcf00000,0x00000000fd377908,0x00000000fd580000)
  to   space 6656K, 0% used [0x00000000fd580000,0x00000000fd580000,0x00000000fdc00000)
 ParOldGen       total 94720K, used 33773K [0x0000000081a00000, 0x0000000087680000, 0x00000000d5e00000)
  object space 94720K, 35% used [0x0000000081a00000,0x0000000083afb480,0x0000000087680000)
 Metaspace       used 74843K, capacity 81296K, committed 89304K, reserved 1126400K
  class space    used 9254K, capacity 10419K, committed 11736K, reserved 1048576K
Event: 5982.540 GC heap after
Heap after GC invocations=97 (full 44):
 PSYoungGen      total 646656K, used 0K [0x00000000d5e00000, 0x00000000fdc00000, 0x0000000100000000)
  eden space 640000K, 0% used [0x00000000d5e00000,0x00000000d5e00000,0x00000000fcf00000)
  from space 6656K, 0% used [0x00000000fcf00000,0x00000000fcf00000,0x00000000fd580000)
  to   space 6656K, 0% used [0x00000000fd580000,0x00000000fd580000,0x00000000fdc00000)
 ParOldGen       total 94720K, used 33637K [0x0000000081a00000, 0x0000000087680000, 0x00000000d5e00000)
  object space 94720K, 35% used [0x0000000081a00000,0x0000000083ad9588,0x0000000087680000)
 Metaspace       used 74841K, capacity 81290K, committed 89304K, reserved 1126400K
  class space    used 9253K, capacity 10417K, committed 11736K, reserved 1048576K
}
Event: 6002.239 GC heap before
{Heap before GC invocations=98 (full 44):
 PSYoungGen      total 646656K, used 212548K [0x00000000d5e00000, 0x00000000fdc00000, 0x0000000100000000)
  eden space 640000K, 33% used [0x00000000d5e00000,0x00000000e2d91330,0x00000000fcf00000)
  from space 6656K, 0% used [0x00000000fcf00000,0x00000000fcf00000,0x00000000fd580000)
  to   space 6656K, 0% used [0x00000000fd580000,0x00000000fd580000,0x00000000fdc00000)
 ParOldGen       total 94720K, used 33637K [0x0000000081a00000, 0x0000000087680000, 0x00000000d5e00000)
  object space 94720K, 35% used [0x0000000081a00000,0x0000000083ad9588,0x0000000087680000)
 Metaspace       used 75419K, capacity 81874K, committed 89304K, reserved 1126400K
  class space    used 9304K, capacity 10524K, committed 11736K, reserved 1048576K
Event: 6002.248 GC heap after
Heap after GC invocations=98 (full 44):
 PSYoungGen      total 646656K, used 4574K [0x00000000d5e00000, 0x00000000fdc00000, 0x0000000100000000)
  eden space 640000K, 0% used [0x00000000d5e00000,0x00000000d5e00000,0x00000000fcf00000)
  from space 6656K, 68% used [0x00000000fd580000,0x00000000fd9f7948,0x00000000fdc00000)
  to   space 6656K, 0% used [0x00000000fcf00000,0x00000000fcf00000,0x00000000fd580000)
 ParOldGen       total 94720K, used 33645K [0x0000000081a00000, 0x0000000087680000, 0x00000000d5e00000)
  object space 94720K, 35% used [0x0000000081a00000,0x0000000083adb588,0x0000000087680000)
 Metaspace       used 75419K, capacity 81874K, committed 89304K, reserved 1126400K
  class space    used 9304K, capacity 10524K, committed 11736K, reserved 1048576K
}
Event: 6002.248 GC heap before
{Heap before GC invocations=99 (full 45):
 PSYoungGen      total 646656K, used 4574K [0x00000000d5e00000, 0x00000000fdc00000, 0x0000000100000000)
  eden space 640000K, 0% used [0x00000000d5e00000,0x00000000d5e00000,0x00000000fcf00000)
  from space 6656K, 68% used [0x00000000fd580000,0x00000000fd9f7948,0x00000000fdc00000)
  to   space 6656K, 0% used [0x00000000fcf00000,0x00000000fcf00000,0x00000000fd580000)
 ParOldGen       total 94720K, used 33645K [0x0000000081a00000, 0x0000000087680000, 0x00000000d5e00000)
  object space 94720K, 35% used [0x0000000081a00000,0x0000000083adb588,0x0000000087680000)
 Metaspace       used 75419K, capacity 81874K, committed 89304K, reserved 1126400K
  class space    used 9304K, capacity 10524K, committed 11736K, reserved 1048576K
Event: 6002.460 GC heap after
Heap after GC invocations=99 (full 45):
 PSYoungGen      total 646656K, used 0K [0x00000000d5e00000, 0x00000000fdc00000, 0x0000000100000000)
  eden space 640000K, 0% used [0x00000000d5e00000,0x00000000d5e00000,0x00000000fcf00000)
  from space 6656K, 0% used [0x00000000fd580000,0x00000000fd580000,0x00000000fdc00000)
  to   space 6656K, 0% used [0x00000000fcf00000,0x00000000fcf00000,0x00000000fd580000)
 ParOldGen       total 94720K, used 33928K [0x0000000081a00000, 0x0000000087680000, 0x00000000d5e00000)
  object space 94720K, 35% used [0x0000000081a00000,0x0000000083b22068,0x0000000087680000)
 Metaspace       used 75416K, capacity 81868K, committed 89304K, reserved 1126400K
  class space    used 9304K, capacity 10522K, committed 11736K, reserved 1048576K
}
Event: 6040.817 GC heap before
{Heap before GC invocations=100 (full 45):
 PSYoungGen      total 646656K, used 216577K [0x00000000d5e00000, 0x00000000fdc00000, 0x0000000100000000)
  eden space 640000K, 33% used [0x00000000d5e00000,0x00000000e31807d8,0x00000000fcf00000)
  from space 6656K, 0% used [0x00000000fd580000,0x00000000fd580000,0x00000000fdc00000)
  to   space 6656K, 0% used [0x00000000fcf00000,0x00000000fcf00000,0x00000000fd580000)
 ParOldGen       total 94720K, used 33928K [0x0000000081a00000, 0x0000000087680000, 0x00000000d5e00000)
  object space 94720K, 35% used [0x0000000081a00000,0x0000000083b22068,0x0000000087680000)
 Metaspace       used 75991K, capacity 82486K, committed 89304K, reserved 1126400K
  class space    used 9358K, capacity 10598K, committed 11736K, reserved 1048576K
Event: 6040.831 GC heap after
Heap after GC invocations=100 (full 45):
 PSYoungGen      total 645120K, used 4894K [0x00000000d5e00000, 0x00000000fdb00000, 0x0000000100000000)
  eden space 640000K, 0% used [0x00000000d5e00000,0x00000000d5e00000,0x00000000fcf00000)
  from space 5120K, 95% used [0x00000000fcf00000,0x00000000fd3c7948,0x00000000fd400000)
  to   space 6144K, 0% used [0x00000000fd500000,0x00000000fd500000,0x00000000fdb00000)
 ParOldGen       total 94720K, used 33936K [0x0000000081a00000, 0x0000000087680000, 0x00000000d5e00000)
  object space 94720K, 35% used [0x0000000081a00000,0x0000000083b24068,0x0000000087680000)
 Metaspace       used 75991K, capacity 82486K, committed 89304K, reserved 1126400K
  class space    used 9358K, capacity 10598K, committed 11736K, reserved 1048576K
}
Event: 6040.831 GC heap before
{Heap before GC invocations=101 (full 46):
 PSYoungGen      total 645120K, used 4894K [0x00000000d5e00000, 0x00000000fdb00000, 0x0000000100000000)
  eden space 640000K, 0% used [0x00000000d5e00000,0x00000000d5e00000,0x00000000fcf00000)
  from space 5120K, 95% used [0x00000000fcf00000,0x00000000fd3c7948,0x00000000fd400000)
  to   space 6144K, 0% used [0x00000000fd500000,0x00000000fd500000,0x00000000fdb00000)
 ParOldGen       total 94720K, used 33936K [0x0000000081a00000, 0x0000000087680000, 0x00000000d5e00000)
  object space 94720K, 35% used [0x0000000081a00000,0x0000000083b24068,0x0000000087680000)
 Metaspace       used 75991K, capacity 82486K, committed 89304K, reserved 1126400K
  class space    used 9358K, capacity 10598K, committed 11736K, reserved 1048576K
Event: 6041.079 GC heap after
Heap after GC invocations=101 (full 46):
 PSYoungGen      total 645120K, used 0K [0x00000000d5e00000, 0x00000000fdb00000, 0x0000000100000000)
  eden space 640000K, 0% used [0x00000000d5e00000,0x00000000d5e00000,0x00000000fcf00000)
  from space 5120K, 0% used [0x00000000fcf00000,0x00000000fcf00000,0x00000000fd400000)
  to   space 6144K, 0% used [0x00000000fd500000,0x00000000fd500000,0x00000000fdb00000)
 ParOldGen       total 94720K, used 34607K [0x0000000081a00000, 0x0000000087680000, 0x00000000d5e00000)
  object space 94720K, 36% used [0x0000000081a00000,0x0000000083bcbd18,0x0000000087680000)
 Metaspace       used 75989K, capacity 82480K, committed 89304K, reserved 1126400K
  class space    used 9357K, capacity 10596K, committed 11736K, reserved 1048576K
}

