# JRE version: Java(TM) SE Runtime Environment (8.0_144-b01) (build 1.8.0_144-b01)
# Java VM: Java HotSpot(TM) 64-Bit Server VM (25.144-b01 mixed mode windows-amd64 compressed oops)
Heap:
 PSYoungGen      total 631296K, used 209840K [0x00000000d5e00000, 0x00000000fce00000, 0x0000000100000000)
  eden space 623616K, 33% used [0x00000000d5e00000,0x00000000e2aec238,0x00000000fbf00000)
  from space 7680K, 0% used [0x00000000fc680000,0x00000000fc680000,0x00000000fce00000)
  to   space 7680K, 0% used [0x00000000fbf00000,0x00000000fbf00000,0x00000000fc680000)
 ParOldGen       total 95744K, used 27774K [0x0000000081a00000, 0x0000000087780000, 0x00000000d5e00000)
  object space 95744K, 29% used [0x0000000081a00000,0x000000008351fb10,0x0000000087780000)
 Metaspace       used 72502K, capacity 79174K, committed 79448K, reserved 1118208K
  class space    used 9080K, capacity 10286K, committed 10328K, reserved 1048576K
GC Heap History (10 events):
Event: 15059.067 GC heap before
{Heap before GC invocations=67 (full 29):
 PSYoungGen      total 631808K, used 4512K [0x00000000d5e00000, 0x00000000fcf00000, 0x0000000100000000)
  eden space 623616K, 0% used [0x00000000d5e00000,0x00000000d5e00000,0x00000000fbf00000)
  from space 8192K, 55% used [0x00000000fc700000,0x00000000fcb68108,0x00000000fcf00000)
  to   space 8192K, 0% used [0x00000000fbf00000,0x00000000fbf00000,0x00000000fc700000)
 ParOldGen       total 95744K, used 27038K [0x0000000081a00000, 0x0000000087780000, 0x00000000d5e00000)
  object space 95744K, 28% used [0x0000000081a00000,0x0000000083467870,0x0000000087780000)
 Metaspace       used 70072K, capacity 75766K, committed 75864K, reserved 1116160K
  class space    used 8774K, capacity 9750K, committed 9816K, reserved 1048576K
Event: 15059.296 GC heap after
Heap after GC invocations=67 (full 29):
 PSYoungGen      total 631808K, used 0K [0x00000000d5e00000, 0x00000000fcf00000, 0x0000000100000000)
  eden space 623616K, 0% used [0x00000000d5e00000,0x00000000d5e00000,0x00000000fbf00000)
  from space 8192K, 0% used [0x00000000fc700000,0x00000000fc700000,0x00000000fcf00000)
  to   space 8192K, 0% used [0x00000000fbf00000,0x00000000fbf00000,0x00000000fc700000)
 ParOldGen       total 95744K, used 26932K [0x0000000081a00000, 0x0000000087780000, 0x00000000d5e00000)
  object space 95744K, 28% used [0x0000000081a00000,0x000000008344d338,0x0000000087780000)
 Metaspace       used 70070K, capacity 75760K, committed 75864K, reserved 1116160K
  class space    used 8774K, capacity 9748K, committed 9816K, reserved 1048576K
}
Event: 15141.471 GC heap before
{Heap before GC invocations=68 (full 29):
 PSYoungGen      total 631808K, used 219209K [0x00000000d5e00000, 0x00000000fcf00000, 0x0000000100000000)
  eden space 623616K, 35% used [0x00000000d5e00000,0x00000000e34124e0,0x00000000fbf00000)
  from space 8192K, 0% used [0x00000000fc700000,0x00000000fc700000,0x00000000fcf00000)
  to   space 8192K, 0% used [0x00000000fbf00000,0x00000000fbf00000,0x00000000fc700000)
 ParOldGen       total 95744K, used 26932K [0x0000000081a00000, 0x0000000087780000, 0x00000000d5e00000)
  object space 95744K, 28% used [0x0000000081a00000,0x000000008344d338,0x0000000087780000)
 Metaspace       used 71123K, capacity 77348K, committed 77656K, reserved 1116160K
  class space    used 8908K, capacity 9969K, committed 10072K, reserved 1048576K
Event: 15141.479 GC heap after
Heap after GC invocations=68 (full 29):
 PSYoungGen      total 628736K, used 4811K [0x00000000d5e00000, 0x00000000fce00000, 0x0000000100000000)
  eden space 623616K, 0% used [0x00000000d5e00000,0x00000000d5e00000,0x00000000fbf00000)
  from space 5120K, 93% used [0x00000000fbf00000,0x00000000fc3b2f18,0x00000000fc400000)
  to   space 7680K, 0% used [0x00000000fc680000,0x00000000fc680000,0x00000000fce00000)
 ParOldGen       total 95744K, used 26940K [0x0000000081a00000, 0x0000000087780000, 0x00000000d5e00000)
  object space 95744K, 28% used [0x0000000081a00000,0x000000008344f338,0x0000000087780000)
 Metaspace       used 71123K, capacity 77348K, committed 77656K, reserved 1116160K
  class space    used 8908K, capacity 9969K, committed 10072K, reserved 1048576K
}
Event: 15141.479 GC heap before
{Heap before GC invocations=69 (full 30):
 PSYoungGen      total 628736K, used 4811K [0x00000000d5e00000, 0x00000000fce00000, 0x0000000100000000)
  eden space 623616K, 0% used [0x00000000d5e00000,0x00000000d5e00000,0x00000000fbf00000)
  from space 5120K, 93% used [0x00000000fbf00000,0x00000000fc3b2f18,0x00000000fc400000)
  to   space 7680K, 0% used [0x00000000fc680000,0x00000000fc680000,0x00000000fce00000)
 ParOldGen       total 95744K, used 26940K [0x0000000081a00000, 0x0000000087780000, 0x00000000d5e00000)
  object space 95744K, 28% used [0x0000000081a00000,0x000000008344f338,0x0000000087780000)
 Metaspace       used 71123K, capacity 77348K, committed 77656K, reserved 1116160K
  class space    used 8908K, capacity 9969K, committed 10072K, reserved 1048576K
Event: 15141.754 GC heap after
Heap after GC invocations=69 (full 30):
 PSYoungGen      total 628736K, used 0K [0x00000000d5e00000, 0x00000000fce00000, 0x0000000100000000)
  eden space 623616K, 0% used [0x00000000d5e00000,0x00000000d5e00000,0x00000000fbf00000)
  from space 5120K, 0% used [0x00000000fbf00000,0x00000000fbf00000,0x00000000fc400000)
  to   space 7680K, 0% used [0x00000000fc680000,0x00000000fc680000,0x00000000fce00000)
 ParOldGen       total 95744K, used 27389K [0x0000000081a00000, 0x0000000087780000, 0x00000000d5e00000)
  object space 95744K, 28% used [0x0000000081a00000,0x00000000834bf798,0x0000000087780000)
 Metaspace       used 71121K, capacity 77342K, committed 77656K, reserved 1116160K
  class space    used 8908K, capacity 9967K, committed 10072K, reserved 1048576K
}
Event: 15215.037 GC heap before
{Heap before GC invocations=70 (full 30):
 PSYoungGen      total 628736K, used 227890K [0x00000000d5e00000, 0x00000000fce00000, 0x0000000100000000)
  eden space 623616K, 36% used [0x00000000d5e00000,0x00000000e3c8c900,0x00000000fbf00000)
  from space 5120K, 0% used [0x00000000fbf00000,0x00000000fbf00000,0x00000000fc400000)
  to   space 7680K, 0% used [0x00000000fc680000,0x00000000fc680000,0x00000000fce00000)
 ParOldGen       total 95744K, used 27389K [0x0000000081a00000, 0x0000000087780000, 0x00000000d5e00000)
  object space 95744K, 28% used [0x0000000081a00000,0x00000000834bf798,0x0000000087780000)
 Metaspace       used 72030K, capacity 78696K, committed 78936K, reserved 1118208K
  class space    used 9033K, capacity 10213K, committed 10328K, reserved 1048576K
Event: 15215.052 GC heap after
Heap after GC invocations=70 (full 30):
 PSYoungGen      total 631296K, used 4734K [0x00000000d5e00000, 0x00000000fce00000, 0x0000000100000000)
  eden space 623616K, 0% used [0x00000000d5e00000,0x00000000d5e00000,0x00000000fbf00000)
  from space 7680K, 61% used [0x00000000fc680000,0x00000000fcb1f908,0x00000000fce00000)
  to   space 7680K, 0% used [0x00000000fbf00000,0x00000000fbf00000,0x00000000fc680000)
 ParOldGen       total 95744K, used 27397K [0x0000000081a00000, 0x0000000087780000, 0x00000000d5e00000)
  object space 95744K, 28% used [0x0000000081a00000,0x00000000834c1798,0x0000000087780000)
 Metaspace       used 72030K, capacity 78696K, committed 78936K, reserved 1118208K
  class space    used 9033K, capacity 10213K, committed 10328K, reserved 1048576K
}
Event: 15215.052 GC heap before
{Heap before GC invocations=71 (full 31):
 PSYoungGen      total 631296K, used 4734K [0x00000000d5e00000, 0x00000000fce00000, 0x0000000100000000)
  eden space 623616K, 0% used [0x00000000d5e00000,0x00000000d5e00000,0x00000000fbf00000)
  from space 7680K, 61% used [0x00000000fc680000,0x00000000fcb1f908,0x00000000fce00000)
  to   space 7680K, 0% used [0x00000000fbf00000,0x00000000fbf00000,0x00000000fc680000)
 ParOldGen       total 95744K, used 27397K [0x0000000081a00000, 0x0000000087780000, 0x00000000d5e00000)
  object space 95744K, 28% used [0x0000000081a00000,0x00000000834c1798,0x0000000087780000)
 Metaspace       used 72030K, capacity 78696K, committed 78936K, reserved 1118208K
  class space    used 9033K, capacity 10213K, committed 10328K, reserved 1048576K
Event: 15215.332 GC heap after
Heap after GC invocations=71 (full 31):
 PSYoungGen      total 631296K, used 0K [0x00000000d5e00000, 0x00000000fce00000, 0x0000000100000000)
  eden space 623616K, 0% used [0x00000000d5e00000,0x00000000d5e00000,0x00000000fbf00000)
  from space 7680K, 0% used [0x00000000fc680000,0x00000000fc680000,0x00000000fce00000)
  to   space 7680K, 0% used [0x00000000fbf00000,0x00000000fbf00000,0x00000000fc680000)
 ParOldGen       total 95744K, used 27774K [0x0000000081a00000, 0x0000000087780000, 0x00000000d5e00000)
  object space 95744K, 29% used [0x0000000081a00000,0x000000008351fb10,0x0000000087780000)
 Metaspace       used 72027K, capacity 78690K, committed 78936K, reserved 1118208K
  class space    used 9032K, capacity 10211K, committed 10328K, reserved 1048576K
}

