# JRE version: Java(TM) SE Runtime Environment (8.0_144-b01) (build 1.8.0_144-b01)
# Java VM: Java HotSpot(TM) 64-Bit Server VM (25.144-b01 mixed mode windows-amd64 compressed oops)
Heap:
 PSYoungGen      total 675840K, used 221964K [0x00000000d5e00000, 0x00000000ff980000, 0x0000000100000000)
  eden space 668160K, 33% used [0x00000000d5e00000,0x00000000e36c33f0,0x00000000fea80000)
  from space 7680K, 0% used [0x00000000ff200000,0x00000000ff200000,0x00000000ff980000)
  to   space 7680K, 0% used [0x00000000fea80000,0x00000000fea80000,0x00000000ff200000)
 ParOldGen       total 90624K, used 26630K [0x0000000081a00000, 0x0000000087280000, 0x00000000d5e00000)
  object space 90624K, 29% used [0x0000000081a00000,0x0000000083401a80,0x0000000087280000)
 Metaspace       used 68067K, capacity 74098K, committed 79576K, reserved 1118208K
  class space    used 8571K, capacity 9531K, committed 10456K, reserved 1048576K
GC Heap History (10 events):
Event: 20839.513 GC heap before
{Heap before GC invocations=79 (full 35):
 PSYoungGen      total 676352K, used 4625K [0x00000000d5e00000, 0x00000000ffa80000, 0x0000000100000000)
  eden space 668160K, 0% used [0x00000000d5e00000,0x00000000d5e00000,0x00000000fea80000)
  from space 8192K, 56% used [0x00000000ff280000,0x00000000ff704798,0x00000000ffa80000)
  to   space 8192K, 0% used [0x00000000fea80000,0x00000000fea80000,0x00000000ff280000)
 ParOldGen       total 90624K, used 26122K [0x0000000081a00000, 0x0000000087280000, 0x00000000d5e00000)
  object space 90624K, 28% used [0x0000000081a00000,0x0000000083382860,0x0000000087280000)
 Metaspace       used 66683K, capacity 72488K, committed 79576K, reserved 1118208K
  class space    used 8434K, capacity 9320K, committed 10456K, reserved 1048576K
Event: 20839.749 GC heap after
Heap after GC invocations=79 (full 35):
 PSYoungGen      total 676352K, used 0K [0x00000000d5e00000, 0x00000000ffa80000, 0x0000000100000000)
  eden space 668160K, 0% used [0x00000000d5e00000,0x00000000d5e00000,0x00000000fea80000)
  from space 8192K, 0% used [0x00000000ff280000,0x00000000ff280000,0x00000000ffa80000)
  to   space 8192K, 0% used [0x00000000fea80000,0x00000000fea80000,0x00000000ff280000)
 ParOldGen       total 90624K, used 26051K [0x0000000081a00000, 0x0000000087280000, 0x00000000d5e00000)
  object space 90624K, 28% used [0x0000000081a00000,0x0000000083370d18,0x0000000087280000)
 Metaspace       used 66680K, capacity 72482K, committed 79576K, reserved 1118208K
  class space    used 8433K, capacity 9318K, committed 10456K, reserved 1048576K
}
Event: 20854.318 GC heap before
{Heap before GC invocations=80 (full 35):
 PSYoungGen      total 676352K, used 211905K [0x00000000d5e00000, 0x00000000ffa80000, 0x0000000100000000)
  eden space 668160K, 31% used [0x00000000d5e00000,0x00000000e2cf0600,0x00000000fea80000)
  from space 8192K, 0% used [0x00000000ff280000,0x00000000ff280000,0x00000000ffa80000)
  to   space 8192K, 0% used [0x00000000fea80000,0x00000000fea80000,0x00000000ff280000)
 ParOldGen       total 90624K, used 26051K [0x0000000081a00000, 0x0000000087280000, 0x00000000d5e00000)
  object space 90624K, 28% used [0x0000000081a00000,0x0000000083370d18,0x0000000087280000)
 Metaspace       used 67115K, capacity 72902K, committed 79576K, reserved 1118208K
  class space    used 8474K, capacity 9393K, committed 10456K, reserved 1048576K
Event: 20854.325 GC heap after
Heap after GC invocations=80 (full 35):
 PSYoungGen      total 672768K, used 4555K [0x00000000d5e00000, 0x00000000ff980000, 0x0000000100000000)
  eden space 668160K, 0% used [0x00000000d5e00000,0x00000000d5e00000,0x00000000fea80000)
  from space 4608K, 98% used [0x00000000fea80000,0x00000000feef2f18,0x00000000fef00000)
  to   space 7680K, 0% used [0x00000000ff200000,0x00000000ff200000,0x00000000ff980000)
 ParOldGen       total 90624K, used 26059K [0x0000000081a00000, 0x0000000087280000, 0x00000000d5e00000)
  object space 90624K, 28% used [0x0000000081a00000,0x0000000083372d18,0x0000000087280000)
 Metaspace       used 67115K, capacity 72902K, committed 79576K, reserved 1118208K
  class space    used 8474K, capacity 9393K, committed 10456K, reserved 1048576K
}
Event: 20854.325 GC heap before
{Heap before GC invocations=81 (full 36):
 PSYoungGen      total 672768K, used 4555K [0x00000000d5e00000, 0x00000000ff980000, 0x0000000100000000)
  eden space 668160K, 0% used [0x00000000d5e00000,0x00000000d5e00000,0x00000000fea80000)
  from space 4608K, 98% used [0x00000000fea80000,0x00000000feef2f18,0x00000000fef00000)
  to   space 7680K, 0% used [0x00000000ff200000,0x00000000ff200000,0x00000000ff980000)
 ParOldGen       total 90624K, used 26059K [0x0000000081a00000, 0x0000000087280000, 0x00000000d5e00000)
  object space 90624K, 28% used [0x0000000081a00000,0x0000000083372d18,0x0000000087280000)
 Metaspace       used 67115K, capacity 72902K, committed 79576K, reserved 1118208K
  class space    used 8474K, capacity 9393K, committed 10456K, reserved 1048576K
Event: 20854.512 GC heap after
Heap after GC invocations=81 (full 36):
 PSYoungGen      total 672768K, used 0K [0x00000000d5e00000, 0x00000000ff980000, 0x0000000100000000)
  eden space 668160K, 0% used [0x00000000d5e00000,0x00000000d5e00000,0x00000000fea80000)
  from space 4608K, 0% used [0x00000000fea80000,0x00000000fea80000,0x00000000fef00000)
  to   space 7680K, 0% used [0x00000000ff200000,0x00000000ff200000,0x00000000ff980000)
 ParOldGen       total 90624K, used 26331K [0x0000000081a00000, 0x0000000087280000, 0x00000000d5e00000)
  object space 90624K, 29% used [0x0000000081a00000,0x00000000833b6c18,0x0000000087280000)
 Metaspace       used 67112K, capacity 72896K, committed 79576K, reserved 1118208K
  class space    used 8473K, capacity 9391K, committed 10456K, reserved 1048576K
}
Event: 22256.639 GC heap before
{Heap before GC invocations=82 (full 36):
 PSYoungGen      total 672768K, used 320613K [0x00000000d5e00000, 0x00000000ff980000, 0x0000000100000000)
  eden space 668160K, 47% used [0x00000000d5e00000,0x00000000e9719438,0x00000000fea80000)
  from space 4608K, 0% used [0x00000000fea80000,0x00000000fea80000,0x00000000fef00000)
  to   space 7680K, 0% used [0x00000000ff200000,0x00000000ff200000,0x00000000ff980000)
 ParOldGen       total 90624K, used 26331K [0x0000000081a00000, 0x0000000087280000, 0x00000000d5e00000)
  object space 90624K, 29% used [0x0000000081a00000,0x00000000833b6c18,0x0000000087280000)
 Metaspace       used 67558K, capacity 73476K, committed 79576K, reserved 1118208K
  class space    used 8523K, capacity 9482K, committed 10456K, reserved 1048576K
Event: 22256.647 GC heap after
Heap after GC invocations=82 (full 36):
 PSYoungGen      total 675840K, used 4624K [0x00000000d5e00000, 0x00000000ff980000, 0x0000000100000000)
  eden space 668160K, 0% used [0x00000000d5e00000,0x00000000d5e00000,0x00000000fea80000)
  from space 7680K, 60% used [0x00000000ff200000,0x00000000ff684338,0x00000000ff980000)
  to   space 7680K, 0% used [0x00000000fea80000,0x00000000fea80000,0x00000000ff200000)
 ParOldGen       total 90624K, used 26339K [0x0000000081a00000, 0x0000000087280000, 0x00000000d5e00000)
  object space 90624K, 29% used [0x0000000081a00000,0x00000000833b8c18,0x0000000087280000)
 Metaspace       used 67558K, capacity 73476K, committed 79576K, reserved 1118208K
  class space    used 8523K, capacity 9482K, committed 10456K, reserved 1048576K
}
Event: 22256.647 GC heap before
{Heap before GC invocations=83 (full 37):
 PSYoungGen      total 675840K, used 4624K [0x00000000d5e00000, 0x00000000ff980000, 0x0000000100000000)
  eden space 668160K, 0% used [0x00000000d5e00000,0x00000000d5e00000,0x00000000fea80000)
  from space 7680K, 60% used [0x00000000ff200000,0x00000000ff684338,0x00000000ff980000)
  to   space 7680K, 0% used [0x00000000fea80000,0x00000000fea80000,0x00000000ff200000)
 ParOldGen       total 90624K, used 26339K [0x0000000081a00000, 0x0000000087280000, 0x00000000d5e00000)
  object space 90624K, 29% used [0x0000000081a00000,0x00000000833b8c18,0x0000000087280000)
 Metaspace       used 67558K, capacity 73476K, committed 79576K, reserved 1118208K
  class space    used 8523K, capacity 9482K, committed 10456K, reserved 1048576K
Event: 22256.909 GC heap after
Heap after GC invocations=83 (full 37):
 PSYoungGen      total 675840K, used 0K [0x00000000d5e00000, 0x00000000ff980000, 0x0000000100000000)
  eden space 668160K, 0% used [0x00000000d5e00000,0x00000000d5e00000,0x00000000fea80000)
  from space 7680K, 0% used [0x00000000ff200000,0x00000000ff200000,0x00000000ff980000)
  to   space 7680K, 0% used [0x00000000fea80000,0x00000000fea80000,0x00000000ff200000)
 ParOldGen       total 90624K, used 26630K [0x0000000081a00000, 0x0000000087280000, 0x00000000d5e00000)
  object space 90624K, 29% used [0x0000000081a00000,0x0000000083401a80,0x0000000087280000)
 Metaspace       used 67556K, capacity 73470K, committed 79576K, reserved 1118208K
  class space    used 8523K, capacity 9480K, committed 10456K, reserved 1048576K
}

