# JRE version: Java(TM) SE Runtime Environment (8.0_144-b01) (build 1.8.0_144-b01)
# Java VM: Java HotSpot(TM) 64-Bit Server VM (25.144-b01 mixed mode windows-amd64 compressed oops)
Heap:
 PSYoungGen      total 640512K, used 221974K [0x00000000d5e00000, 0x00000000fd700000, 0x0000000100000000)
  eden space 633856K, 35% used [0x00000000d5e00000,0x00000000e36c58a0,0x00000000fc900000)
  from space 6656K, 0% used [0x00000000fd080000,0x00000000fd080000,0x00000000fd700000)
  to   space 7168K, 0% used [0x00000000fc900000,0x00000000fc900000,0x00000000fd000000)
 ParOldGen       total 94720K, used 23291K [0x0000000081a00000, 0x0000000087680000, 0x00000000d5e00000)
  object space 94720K, 24% used [0x0000000081a00000,0x00000000830bedb0,0x0000000087680000)
 Metaspace       used 71391K, capacity 77442K, committed 77784K, reserved 1116160K
  class space    used 8955K, capacity 10099K, committed 10200K, reserved 1048576K
GC Heap History (10 events):
Event: 4989.513 GC heap before
{Heap before GC invocations=59 (full 25):
 PSYoungGen      total 641536K, used 4961K [0x00000000d5e00000, 0x00000000fd800000, 0x0000000100000000)
  eden space 633856K, 0% used [0x00000000d5e00000,0x00000000d5e00000,0x00000000fc900000)
  from space 7680K, 64% used [0x00000000fd080000,0x00000000fd558788,0x00000000fd800000)
  to   space 7680K, 0% used [0x00000000fc900000,0x00000000fc900000,0x00000000fd080000)
 ParOldGen       total 94720K, used 22764K [0x0000000081a00000, 0x0000000087680000, 0x00000000d5e00000)
  object space 94720K, 24% used [0x0000000081a00000,0x000000008303b1d0,0x0000000087680000)
 Metaspace       used 69848K, capacity 75762K, committed 76760K, reserved 1116160K
  class space    used 8811K, capacity 9845K, committed 10200K, reserved 1048576K
Event: 4989.762 GC heap after
Heap after GC invocations=59 (full 25):
 PSYoungGen      total 641536K, used 0K [0x00000000d5e00000, 0x00000000fd800000, 0x0000000100000000)
  eden space 633856K, 0% used [0x00000000d5e00000,0x00000000d5e00000,0x00000000fc900000)
  from space 7680K, 0% used [0x00000000fd080000,0x00000000fd080000,0x00000000fd800000)
  to   space 7680K, 0% used [0x00000000fc900000,0x00000000fc900000,0x00000000fd080000)
 ParOldGen       total 94720K, used 23468K [0x0000000081a00000, 0x0000000087680000, 0x00000000d5e00000)
  object space 94720K, 24% used [0x0000000081a00000,0x00000000830eb028,0x0000000087680000)
 Metaspace       used 69845K, capacity 75756K, committed 76760K, reserved 1116160K
  class space    used 8810K, capacity 9843K, committed 10200K, reserved 1048576K
}
Event: 5033.037 GC heap before
{Heap before GC invocations=60 (full 25):
 PSYoungGen      total 641536K, used 228061K [0x00000000d5e00000, 0x00000000fd800000, 0x0000000100000000)
  eden space 633856K, 35% used [0x00000000d5e00000,0x00000000e3cb77e0,0x00000000fc900000)
  from space 7680K, 0% used [0x00000000fd080000,0x00000000fd080000,0x00000000fd800000)
  to   space 7680K, 0% used [0x00000000fc900000,0x00000000fc900000,0x00000000fd080000)
 ParOldGen       total 94720K, used 23468K [0x0000000081a00000, 0x0000000087680000, 0x00000000d5e00000)
  object space 94720K, 24% used [0x0000000081a00000,0x00000000830eb028,0x0000000087680000)
 Metaspace       used 70295K, capacity 76272K, committed 76760K, reserved 1116160K
  class space    used 8856K, capacity 9886K, committed 10200K, reserved 1048576K
Event: 5033.044 GC heap after
Heap after GC invocations=60 (full 25):
 PSYoungGen      total 641536K, used 4604K [0x00000000d5e00000, 0x00000000fd800000, 0x0000000100000000)
  eden space 633856K, 0% used [0x00000000d5e00000,0x00000000d5e00000,0x00000000fc900000)
  from space 7680K, 59% used [0x00000000fc900000,0x00000000fcd7f148,0x00000000fd080000)
  to   space 7680K, 0% used [0x00000000fd080000,0x00000000fd080000,0x00000000fd800000)
 ParOldGen       total 94720K, used 23476K [0x0000000081a00000, 0x0000000087680000, 0x00000000d5e00000)
  object space 94720K, 24% used [0x0000000081a00000,0x00000000830ed028,0x0000000087680000)
 Metaspace       used 70295K, capacity 76272K, committed 76760K, reserved 1116160K
  class space    used 8856K, capacity 9886K, committed 10200K, reserved 1048576K
}
Event: 5033.044 GC heap before
{Heap before GC invocations=61 (full 26):
 PSYoungGen      total 641536K, used 4604K [0x00000000d5e00000, 0x00000000fd800000, 0x0000000100000000)
  eden space 633856K, 0% used [0x00000000d5e00000,0x00000000d5e00000,0x00000000fc900000)
  from space 7680K, 59% used [0x00000000fc900000,0x00000000fcd7f148,0x00000000fd080000)
  to   space 7680K, 0% used [0x00000000fd080000,0x00000000fd080000,0x00000000fd800000)
 ParOldGen       total 94720K, used 23476K [0x0000000081a00000, 0x0000000087680000, 0x00000000d5e00000)
  object space 94720K, 24% used [0x0000000081a00000,0x00000000830ed028,0x0000000087680000)
 Metaspace       used 70295K, capacity 76272K, committed 76760K, reserved 1116160K
  class space    used 8856K, capacity 9886K, committed 10200K, reserved 1048576K
Event: 5033.303 GC heap after
Heap after GC invocations=61 (full 26):
 PSYoungGen      total 641536K, used 0K [0x00000000d5e00000, 0x00000000fd800000, 0x0000000100000000)
  eden space 633856K, 0% used [0x00000000d5e00000,0x00000000d5e00000,0x00000000fc900000)
  from space 7680K, 0% used [0x00000000fc900000,0x00000000fc900000,0x00000000fd080000)
  to   space 7680K, 0% used [0x00000000fd080000,0x00000000fd080000,0x00000000fd800000)
 ParOldGen       total 94720K, used 23217K [0x0000000081a00000, 0x0000000087680000, 0x00000000d5e00000)
  object space 94720K, 24% used [0x0000000081a00000,0x00000000830ac410,0x0000000087680000)
 Metaspace       used 70288K, capacity 76260K, committed 76760K, reserved 1116160K
  class space    used 8855K, capacity 9883K, committed 10200K, reserved 1048576K
}
Event: 5048.329 GC heap before
{Heap before GC invocations=62 (full 26):
 PSYoungGen      total 641536K, used 225515K [0x00000000d5e00000, 0x00000000fd800000, 0x0000000100000000)
  eden space 633856K, 35% used [0x00000000d5e00000,0x00000000e3a3acd8,0x00000000fc900000)
  from space 7680K, 0% used [0x00000000fc900000,0x00000000fc900000,0x00000000fd080000)
  to   space 7680K, 0% used [0x00000000fd080000,0x00000000fd080000,0x00000000fd800000)
 ParOldGen       total 94720K, used 23217K [0x0000000081a00000, 0x0000000087680000, 0x00000000d5e00000)
  object space 94720K, 24% used [0x0000000081a00000,0x00000000830ac410,0x0000000087680000)
 Metaspace       used 70827K, capacity 76844K, committed 77272K, reserved 1116160K
  class space    used 8902K, capacity 9990K, committed 10200K, reserved 1048576K
Event: 5048.336 GC heap after
Heap after GC invocations=62 (full 26):
 PSYoungGen      total 640512K, used 4560K [0x00000000d5e00000, 0x00000000fd700000, 0x0000000100000000)
  eden space 633856K, 0% used [0x00000000d5e00000,0x00000000d5e00000,0x00000000fc900000)
  from space 6656K, 68% used [0x00000000fd080000,0x00000000fd4f4338,0x00000000fd700000)
  to   space 7168K, 0% used [0x00000000fc900000,0x00000000fc900000,0x00000000fd000000)
 ParOldGen       total 94720K, used 23225K [0x0000000081a00000, 0x0000000087680000, 0x00000000d5e00000)
  object space 94720K, 24% used [0x0000000081a00000,0x00000000830ae410,0x0000000087680000)
 Metaspace       used 70827K, capacity 76844K, committed 77272K, reserved 1116160K
  class space    used 8902K, capacity 9990K, committed 10200K, reserved 1048576K
}
Event: 5048.336 GC heap before
{Heap before GC invocations=63 (full 27):
 PSYoungGen      total 640512K, used 4560K [0x00000000d5e00000, 0x00000000fd700000, 0x0000000100000000)
  eden space 633856K, 0% used [0x00000000d5e00000,0x00000000d5e00000,0x00000000fc900000)
  from space 6656K, 68% used [0x00000000fd080000,0x00000000fd4f4338,0x00000000fd700000)
  to   space 7168K, 0% used [0x00000000fc900000,0x00000000fc900000,0x00000000fd000000)
 ParOldGen       total 94720K, used 23225K [0x0000000081a00000, 0x0000000087680000, 0x00000000d5e00000)
  object space 94720K, 24% used [0x0000000081a00000,0x00000000830ae410,0x0000000087680000)
 Metaspace       used 70827K, capacity 76844K, committed 77272K, reserved 1116160K
  class space    used 8902K, capacity 9990K, committed 10200K, reserved 1048576K
Event: 5048.544 GC heap after
Heap after GC invocations=63 (full 27):
 PSYoungGen      total 640512K, used 0K [0x00000000d5e00000, 0x00000000fd700000, 0x0000000100000000)
  eden space 633856K, 0% used [0x00000000d5e00000,0x00000000d5e00000,0x00000000fc900000)
  from space 6656K, 0% used [0x00000000fd080000,0x00000000fd080000,0x00000000fd700000)
  to   space 7168K, 0% used [0x00000000fc900000,0x00000000fc900000,0x00000000fd000000)
 ParOldGen       total 94720K, used 23291K [0x0000000081a00000, 0x0000000087680000, 0x00000000d5e00000)
  object space 94720K, 24% used [0x0000000081a00000,0x00000000830bedb0,0x0000000087680000)
 Metaspace       used 70821K, capacity 76832K, committed 77272K, reserved 1116160K
  class space    used 8901K, capacity 9987K, committed 10200K, reserved 1048576K
}

