# JRE version: Java(TM) SE Runtime Environment (8.0_144-b01) (build 1.8.0_144-b01)
# Java VM: Java HotSpot(TM) 64-Bit Server VM (25.144-b01 mixed mode windows-amd64 compressed oops)
Heap:
 PSYoungGen      total 651264K, used 233742K [0x00000000d5e00000, 0x00000000fec00000, 0x0000000100000000)
  eden space 646144K, 36% used [0x00000000d5e00000,0x00000000e4243be8,0x00000000fd500000)
  from space 5120K, 0% used [0x00000000fd500000,0x00000000fd500000,0x00000000fda00000)
  to   space 11776K, 0% used [0x00000000fe080000,0x00000000fe080000,0x00000000fec00000)
 ParOldGen       total 94208K, used 23642K [0x0000000081a00000, 0x0000000087600000, 0x00000000d5e00000)
  object space 94208K, 25% used [0x0000000081a00000,0x0000000083116928,0x0000000087600000)
 Metaspace       used 64428K, capacity 69098K, committed 69336K, reserved 1110016K
  class space    used 8297K, capacity 9061K, committed 9176K, reserved 1048576K
GC Heap History (10 events):
Event: 313.383 GC heap before
{Heap before GC invocations=29 (full 10):
 PSYoungGen      total 650752K, used 4510K [0x00000000d5e00000, 0x00000000fee00000, 0x0000000100000000)
  eden space 646144K, 0% used [0x00000000d5e00000,0x00000000d5e00000,0x00000000fd500000)
  from space 4608K, 97% used [0x00000000fd500000,0x00000000fd967b68,0x00000000fd980000)
  to   space 12800K, 0% used [0x00000000fe180000,0x00000000fe180000,0x00000000fee00000)
 ParOldGen       total 94208K, used 22283K [0x0000000081a00000, 0x0000000087600000, 0x00000000d5e00000)
  object space 94208K, 23% used [0x0000000081a00000,0x0000000082fc2d50,0x0000000087600000)
 Metaspace       used 62622K, capacity 66922K, committed 67032K, reserved 1107968K
  class space    used 8148K, capacity 8835K, committed 8920K, reserved 1048576K
Event: 313.569 GC heap after
Heap after GC invocations=29 (full 10):
 PSYoungGen      total 650752K, used 0K [0x00000000d5e00000, 0x00000000fee00000, 0x0000000100000000)
  eden space 646144K, 0% used [0x00000000d5e00000,0x00000000d5e00000,0x00000000fd500000)
  from space 4608K, 0% used [0x00000000fd500000,0x00000000fd500000,0x00000000fd980000)
  to   space 12800K, 0% used [0x00000000fe180000,0x00000000fe180000,0x00000000fee00000)
 ParOldGen       total 94208K, used 22572K [0x0000000081a00000, 0x0000000087600000, 0x00000000d5e00000)
  object space 94208K, 23% used [0x0000000081a00000,0x000000008300b178,0x0000000087600000)
 Metaspace       used 62619K, capacity 66916K, committed 67032K, reserved 1107968K
  class space    used 8148K, capacity 8833K, committed 8920K, reserved 1048576K
}
Event: 375.574 GC heap before
{Heap before GC invocations=30 (full 10):
 PSYoungGen      total 650752K, used 241582K [0x00000000d5e00000, 0x00000000fee00000, 0x0000000100000000)
  eden space 646144K, 37% used [0x00000000d5e00000,0x00000000e49ebad0,0x00000000fd500000)
  from space 4608K, 0% used [0x00000000fd500000,0x00000000fd500000,0x00000000fd980000)
  to   space 12800K, 0% used [0x00000000fe180000,0x00000000fe180000,0x00000000fee00000)
 ParOldGen       total 94208K, used 22572K [0x0000000081a00000, 0x0000000087600000, 0x00000000d5e00000)
  object space 94208K, 23% used [0x0000000081a00000,0x000000008300b178,0x0000000087600000)
 Metaspace       used 63318K, capacity 67762K, committed 67800K, reserved 1107968K
  class space    used 8207K, capacity 8907K, committed 8920K, reserved 1048576K
Event: 375.582 GC heap after
Heap after GC invocations=30 (full 10):
 PSYoungGen      total 657920K, used 4988K [0x00000000d5e00000, 0x00000000fed00000, 0x0000000100000000)
  eden space 646144K, 0% used [0x00000000d5e00000,0x00000000d5e00000,0x00000000fd500000)
  from space 11776K, 42% used [0x00000000fe180000,0x00000000fe65f148,0x00000000fed00000)
  to   space 12288K, 0% used [0x00000000fd500000,0x00000000fd500000,0x00000000fe100000)
 ParOldGen       total 94208K, used 22580K [0x0000000081a00000, 0x0000000087600000, 0x00000000d5e00000)
  object space 94208K, 23% used [0x0000000081a00000,0x000000008300d178,0x0000000087600000)
 Metaspace       used 63318K, capacity 67762K, committed 67800K, reserved 1107968K
  class space    used 8207K, capacity 8907K, committed 8920K, reserved 1048576K
}
Event: 375.582 GC heap before
{Heap before GC invocations=31 (full 11):
 PSYoungGen      total 657920K, used 4988K [0x00000000d5e00000, 0x00000000fed00000, 0x0000000100000000)
  eden space 646144K, 0% used [0x00000000d5e00000,0x00000000d5e00000,0x00000000fd500000)
  from space 11776K, 42% used [0x00000000fe180000,0x00000000fe65f148,0x00000000fed00000)
  to   space 12288K, 0% used [0x00000000fd500000,0x00000000fd500000,0x00000000fe100000)
 ParOldGen       total 94208K, used 22580K [0x0000000081a00000, 0x0000000087600000, 0x00000000d5e00000)
  object space 94208K, 23% used [0x0000000081a00000,0x000000008300d178,0x0000000087600000)
 Metaspace       used 63318K, capacity 67762K, committed 67800K, reserved 1107968K
  class space    used 8207K, capacity 8907K, committed 8920K, reserved 1048576K
Event: 375.858 GC heap after
Heap after GC invocations=31 (full 11):
 PSYoungGen      total 657920K, used 0K [0x00000000d5e00000, 0x00000000fed00000, 0x0000000100000000)
  eden space 646144K, 0% used [0x00000000d5e00000,0x00000000d5e00000,0x00000000fd500000)
  from space 11776K, 0% used [0x00000000fe180000,0x00000000fe180000,0x00000000fed00000)
  to   space 12288K, 0% used [0x00000000fd500000,0x00000000fd500000,0x00000000fe100000)
 ParOldGen       total 94208K, used 23328K [0x0000000081a00000, 0x0000000087600000, 0x00000000d5e00000)
  object space 94208K, 24% used [0x0000000081a00000,0x00000000830c81a8,0x0000000087600000)
 Metaspace       used 63316K, capacity 67756K, committed 67800K, reserved 1107968K
  class space    used 8207K, capacity 8905K, committed 8920K, reserved 1048576K
}
Event: 420.069 GC heap before
{Heap before GC invocations=32 (full 11):
 PSYoungGen      total 657920K, used 238964K [0x00000000d5e00000, 0x00000000fed00000, 0x0000000100000000)
  eden space 646144K, 36% used [0x00000000d5e00000,0x00000000e475d088,0x00000000fd500000)
  from space 11776K, 0% used [0x00000000fe180000,0x00000000fe180000,0x00000000fed00000)
  to   space 12288K, 0% used [0x00000000fd500000,0x00000000fd500000,0x00000000fe100000)
 ParOldGen       total 94208K, used 23328K [0x0000000081a00000, 0x0000000087600000, 0x00000000d5e00000)
  object space 94208K, 24% used [0x0000000081a00000,0x00000000830c81a8,0x0000000087600000)
 Metaspace       used 63931K, capacity 68532K, committed 68696K, reserved 1110016K
  class space    used 8253K, capacity 8984K, committed 9048K, reserved 1048576K
Event: 420.077 GC heap after
Heap after GC invocations=32 (full 11):
 PSYoungGen      total 651264K, used 5003K [0x00000000d5e00000, 0x00000000fec00000, 0x0000000100000000)
  eden space 646144K, 0% used [0x00000000d5e00000,0x00000000d5e00000,0x00000000fd500000)
  from space 5120K, 97% used [0x00000000fd500000,0x00000000fd9e2f18,0x00000000fda00000)
  to   space 11776K, 0% used [0x00000000fe080000,0x00000000fe080000,0x00000000fec00000)
 ParOldGen       total 94208K, used 23336K [0x0000000081a00000, 0x0000000087600000, 0x00000000d5e00000)
  object space 94208K, 24% used [0x0000000081a00000,0x00000000830ca1a8,0x0000000087600000)
 Metaspace       used 63931K, capacity 68532K, committed 68696K, reserved 1110016K
  class space    used 8253K, capacity 8984K, committed 9048K, reserved 1048576K
}
Event: 420.077 GC heap before
{Heap before GC invocations=33 (full 12):
 PSYoungGen      total 651264K, used 5003K [0x00000000d5e00000, 0x00000000fec00000, 0x0000000100000000)
  eden space 646144K, 0% used [0x00000000d5e00000,0x00000000d5e00000,0x00000000fd500000)
  from space 5120K, 97% used [0x00000000fd500000,0x00000000fd9e2f18,0x00000000fda00000)
  to   space 11776K, 0% used [0x00000000fe080000,0x00000000fe080000,0x00000000fec00000)
 ParOldGen       total 94208K, used 23336K [0x0000000081a00000, 0x0000000087600000, 0x00000000d5e00000)
  object space 94208K, 24% used [0x0000000081a00000,0x00000000830ca1a8,0x0000000087600000)
 Metaspace       used 63931K, capacity 68532K, committed 68696K, reserved 1110016K
  class space    used 8253K, capacity 8984K, committed 9048K, reserved 1048576K
Event: 420.272 GC heap after
Heap after GC invocations=33 (full 12):
 PSYoungGen      total 651264K, used 0K [0x00000000d5e00000, 0x00000000fec00000, 0x0000000100000000)
  eden space 646144K, 0% used [0x00000000d5e00000,0x00000000d5e00000,0x00000000fd500000)
  from space 5120K, 0% used [0x00000000fd500000,0x00000000fd500000,0x00000000fda00000)
  to   space 11776K, 0% used [0x00000000fe080000,0x00000000fe080000,0x00000000fec00000)
 ParOldGen       total 94208K, used 23642K [0x0000000081a00000, 0x0000000087600000, 0x00000000d5e00000)
  object space 94208K, 25% used [0x0000000081a00000,0x0000000083116928,0x0000000087600000)
 Metaspace       used 63929K, capacity 68526K, committed 68696K, reserved 1110016K
  class space    used 8252K, capacity 8982K, committed 9048K, reserved 1048576K
}

