# JRE version: Java(TM) SE Runtime Environment (8.0_144-b01) (build 1.8.0_144-b01)
# Java VM: Java HotSpot(TM) 64-Bit Server VM (25.144-b01 mixed mode windows-amd64 compressed oops)
Heap:
 PSYoungGen      total 677376K, used 220643K [0x00000000d5e00000, 0x00000000ffc00000, 0x0000000100000000)
  eden space 668672K, 32% used [0x00000000d5e00000,0x00000000e3578f18,0x00000000feb00000)
  from space 8704K, 0% used [0x00000000ff380000,0x00000000ff380000,0x00000000ffc00000)
  to   space 8704K, 0% used [0x00000000feb00000,0x00000000feb00000,0x00000000ff380000)
 ParOldGen       total 90624K, used 30767K [0x0000000081a00000, 0x0000000087280000, 0x00000000d5e00000)
  object space 90624K, 33% used [0x0000000081a00000,0x000000008380bc08,0x0000000087280000)
 Metaspace       used 70058K, capacity 76250K, committed 76376K, reserved 1116160K
  class space    used 8865K, capacity 9991K, committed 10072K, reserved 1048576K
GC Heap History (10 events):
Event: 918.391 GC heap before
{Heap before GC invocations=47 (full 19):
 PSYoungGen      total 677376K, used 5741K [0x00000000d5e00000, 0x00000000ffd00000, 0x0000000100000000)
  eden space 668672K, 0% used [0x00000000d5e00000,0x00000000d5e00000,0x00000000feb00000)
  from space 8704K, 65% used [0x00000000ff480000,0x00000000ffa1b738,0x00000000ffd00000)
  to   space 9216K, 0% used [0x00000000feb00000,0x00000000feb00000,0x00000000ff400000)
 ParOldGen       total 90624K, used 25009K [0x0000000081a00000, 0x0000000087280000, 0x00000000d5e00000)
  object space 90624K, 27% used [0x0000000081a00000,0x000000008326c438,0x0000000087280000)
 Metaspace       used 68583K, capacity 74704K, committed 74840K, reserved 1114112K
  class space    used 8737K, capacity 9800K, committed 9816K, reserved 1048576K
Event: 918.784 GC heap after
Heap after GC invocations=47 (full 19):
 PSYoungGen      total 677376K, used 0K [0x00000000d5e00000, 0x00000000ffd00000, 0x0000000100000000)
  eden space 668672K, 0% used [0x00000000d5e00000,0x00000000d5e00000,0x00000000feb00000)
  from space 8704K, 0% used [0x00000000ff480000,0x00000000ff480000,0x00000000ffd00000)
  to   space 9216K, 0% used [0x00000000feb00000,0x00000000feb00000,0x00000000ff400000)
 ParOldGen       total 90624K, used 26397K [0x0000000081a00000, 0x0000000087280000, 0x00000000d5e00000)
  object space 90624K, 29% used [0x0000000081a00000,0x00000000833c7420,0x0000000087280000)
 Metaspace       used 68580K, capacity 74698K, committed 74840K, reserved 1114112K
  class space    used 8737K, capacity 9798K, committed 9816K, reserved 1048576K
}
Event: 1117.087 GC heap before
{Heap before GC invocations=48 (full 19):
 PSYoungGen      total 677376K, used 242855K [0x00000000d5e00000, 0x00000000ffd00000, 0x0000000100000000)
  eden space 668672K, 36% used [0x00000000d5e00000,0x00000000e4b29c48,0x00000000feb00000)
  from space 8704K, 0% used [0x00000000ff480000,0x00000000ff480000,0x00000000ffd00000)
  to   space 9216K, 0% used [0x00000000feb00000,0x00000000feb00000,0x00000000ff400000)
 ParOldGen       total 90624K, used 26397K [0x0000000081a00000, 0x0000000087280000, 0x00000000d5e00000)
  object space 90624K, 29% used [0x0000000081a00000,0x00000000833c7420,0x0000000087280000)
 Metaspace       used 69061K, capacity 75282K, committed 75480K, reserved 1114112K
  class space    used 8781K, capacity 9841K, committed 9944K, reserved 1048576K
Event: 1117.099 GC heap after
Heap after GC invocations=48 (full 19):
 PSYoungGen      total 674304K, used 5217K [0x00000000d5e00000, 0x00000000ffc00000, 0x0000000100000000)
  eden space 668672K, 0% used [0x00000000d5e00000,0x00000000d5e00000,0x00000000feb00000)
  from space 5632K, 92% used [0x00000000feb00000,0x00000000ff018588,0x00000000ff080000)
  to   space 8704K, 0% used [0x00000000ff380000,0x00000000ff380000,0x00000000ffc00000)
 ParOldGen       total 90624K, used 26397K [0x0000000081a00000, 0x0000000087280000, 0x00000000d5e00000)
  object space 90624K, 29% used [0x0000000081a00000,0x00000000833c7420,0x0000000087280000)
 Metaspace       used 69061K, capacity 75282K, committed 75480K, reserved 1114112K
  class space    used 8781K, capacity 9841K, committed 9944K, reserved 1048576K
}
Event: 1117.099 GC heap before
{Heap before GC invocations=49 (full 20):
 PSYoungGen      total 674304K, used 5217K [0x00000000d5e00000, 0x00000000ffc00000, 0x0000000100000000)
  eden space 668672K, 0% used [0x00000000d5e00000,0x00000000d5e00000,0x00000000feb00000)
  from space 5632K, 92% used [0x00000000feb00000,0x00000000ff018588,0x00000000ff080000)
  to   space 8704K, 0% used [0x00000000ff380000,0x00000000ff380000,0x00000000ffc00000)
 ParOldGen       total 90624K, used 26397K [0x0000000081a00000, 0x0000000087280000, 0x00000000d5e00000)
  object space 90624K, 29% used [0x0000000081a00000,0x00000000833c7420,0x0000000087280000)
 Metaspace       used 69061K, capacity 75282K, committed 75480K, reserved 1114112K
  class space    used 8781K, capacity 9841K, committed 9944K, reserved 1048576K
Event: 1117.325 GC heap after
Heap after GC invocations=49 (full 20):
 PSYoungGen      total 674304K, used 0K [0x00000000d5e00000, 0x00000000ffc00000, 0x0000000100000000)
  eden space 668672K, 0% used [0x00000000d5e00000,0x00000000d5e00000,0x00000000feb00000)
  from space 5632K, 0% used [0x00000000feb00000,0x00000000feb00000,0x00000000ff080000)
  to   space 8704K, 0% used [0x00000000ff380000,0x00000000ff380000,0x00000000ffc00000)
 ParOldGen       total 90624K, used 28898K [0x0000000081a00000, 0x0000000087280000, 0x00000000d5e00000)
  object space 90624K, 31% used [0x0000000081a00000,0x0000000083638a40,0x0000000087280000)
 Metaspace       used 69061K, capacity 75282K, committed 75480K, reserved 1114112K
  class space    used 8781K, capacity 9841K, committed 9944K, reserved 1048576K
}
Event: 1122.382 GC heap before
{Heap before GC invocations=50 (full 20):
 PSYoungGen      total 674304K, used 220692K [0x00000000d5e00000, 0x00000000ffc00000, 0x0000000100000000)
  eden space 668672K, 33% used [0x00000000d5e00000,0x00000000e3585040,0x00000000feb00000)
  from space 5632K, 0% used [0x00000000feb00000,0x00000000feb00000,0x00000000ff080000)
  to   space 8704K, 0% used [0x00000000ff380000,0x00000000ff380000,0x00000000ffc00000)
 ParOldGen       total 90624K, used 28898K [0x0000000081a00000, 0x0000000087280000, 0x00000000d5e00000)
  object space 90624K, 31% used [0x0000000081a00000,0x0000000083638a40,0x0000000087280000)
 Metaspace       used 69509K, capacity 75670K, committed 75736K, reserved 1116160K
  class space    used 8818K, capacity 9884K, committed 9944K, reserved 1048576K
Event: 1122.390 GC heap after
Heap after GC invocations=50 (full 20):
 PSYoungGen      total 677376K, used 4572K [0x00000000d5e00000, 0x00000000ffc00000, 0x0000000100000000)
  eden space 668672K, 0% used [0x00000000d5e00000,0x00000000d5e00000,0x00000000feb00000)
  from space 8704K, 52% used [0x00000000ff380000,0x00000000ff7f7148,0x00000000ffc00000)
  to   space 8704K, 0% used [0x00000000feb00000,0x00000000feb00000,0x00000000ff380000)
 ParOldGen       total 90624K, used 28906K [0x0000000081a00000, 0x0000000087280000, 0x00000000d5e00000)
  object space 90624K, 31% used [0x0000000081a00000,0x000000008363aa40,0x0000000087280000)
 Metaspace       used 69509K, capacity 75670K, committed 75736K, reserved 1116160K
  class space    used 8818K, capacity 9884K, committed 9944K, reserved 1048576K
}
Event: 1122.390 GC heap before
{Heap before GC invocations=51 (full 21):
 PSYoungGen      total 677376K, used 4572K [0x00000000d5e00000, 0x00000000ffc00000, 0x0000000100000000)
  eden space 668672K, 0% used [0x00000000d5e00000,0x00000000d5e00000,0x00000000feb00000)
  from space 8704K, 52% used [0x00000000ff380000,0x00000000ff7f7148,0x00000000ffc00000)
  to   space 8704K, 0% used [0x00000000feb00000,0x00000000feb00000,0x00000000ff380000)
 ParOldGen       total 90624K, used 28906K [0x0000000081a00000, 0x0000000087280000, 0x00000000d5e00000)
  object space 90624K, 31% used [0x0000000081a00000,0x000000008363aa40,0x0000000087280000)
 Metaspace       used 69509K, capacity 75670K, committed 75736K, reserved 1116160K
  class space    used 8818K, capacity 9884K, committed 9944K, reserved 1048576K
Event: 1122.661 GC heap after
Heap after GC invocations=51 (full 21):
 PSYoungGen      total 677376K, used 0K [0x00000000d5e00000, 0x00000000ffc00000, 0x0000000100000000)
  eden space 668672K, 0% used [0x00000000d5e00000,0x00000000d5e00000,0x00000000feb00000)
  from space 8704K, 0% used [0x00000000ff380000,0x00000000ff380000,0x00000000ffc00000)
  to   space 8704K, 0% used [0x00000000feb00000,0x00000000feb00000,0x00000000ff380000)
 ParOldGen       total 90624K, used 30767K [0x0000000081a00000, 0x0000000087280000, 0x00000000d5e00000)
  object space 90624K, 33% used [0x0000000081a00000,0x000000008380bc08,0x0000000087280000)
 Metaspace       used 69509K, capacity 75670K, committed 75736K, reserved 1116160K
  class space    used 8818K, capacity 9884K, committed 9944K, reserved 1048576K
}

